2021-03-10 Ubuntu debian server ticky: INFO: Created ticket [#1584] (james)
2021-03-10 Ubuntu debian server ticky: INFO: Failed to connect to DB [#2245] (james)
2021-03-10 Ubuntu debian server ticky: INFO: Service timeout [#3747] (james)
2021-03-10 Ubuntu debian server ticky: INFO: Bad input [#1928] (james)
2021-03-10 Ubuntu debian server ticky: ERROR: Created ticket [#3227] (james)
2021-03-10 Ubuntu debian server ticky: ERROR: Failed to connect to DB [#2516] (james)
2021-03-10 Ubuntu debian server ticky: ERROR: Service timeout [#1808] (james)
2021-03-10 Ubuntu debian server ticky: ERROR: Bad input [#3130] (james)
2021-03-10 Ubuntu debian server ticky: INFO: Created ticket [#2046] (mcintosh)
2021-03-10 Ubuntu debian server ticky: INFO: Failed to connect to DB [#3796] (mcintosh)
2021-03-10 Ubuntu debian server ticky: INFO: Service timeout [#2082] (mcintosh)
2021-03-10 Ubuntu debian server ticky: INFO: Bad input [#3568] (mcintosh)
2021-03-10 Ubuntu debian server ticky: ERROR: Created ticket [#3801] (mcintosh)
2021-03-10 Ubuntu debian server ticky: ERROR: Failed to connect to DB [#3098] (mcintosh)
2021-03-10 Ubuntu debian server ticky: ERROR: Service timeout [#1040] (mcintosh)
2021-03-10 Ubuntu debian server ticky: ERROR: Bad input [#1257] (mcintosh)
2021-03-10 Ubuntu debian server ticky: INFO: Created ticket [#2676] (hayle)
2021-03-10 Ubuntu debian server ticky: INFO: Failed to connect to DB [#1955] (hayle)
2021-03-10 Ubuntu debian server ticky: INFO: Service timeout [#3792] (hayle)
2021-03-10 Ubuntu debian server ticky: INFO: Bad input [#3980] (hayle)
2021-03-10 Ubuntu debian server ticky: ERROR: Created ticket [#1736] (hayle)
2021-03-10 Ubuntu debian server ticky: ERROR: Failed to connect to DB [#1977] (hayle)
2021-03-10 Ubuntu debian server ticky: ERROR: Service timeout [#2829] (hayle)
2021-03-10 Ubuntu debian server ticky: ERROR: Bad input [#2795] (hayle)
2021-03-10 Ubuntu debian server ticky: INFO: Created ticket [#1402] (fsusan)
2021-03-10 Ubuntu debian server ticky: INFO: Failed to connect to DB [#1608] (fsusan)
2021-03-10 Ubuntu debian server ticky: INFO: Service timeout [#1570] (fsusan)
2021-03-10 Ubuntu debian server ticky: INFO: Bad input [#2465] (fsusan)
2021-03-10 Ubuntu debian server ticky: ERROR: Created ticket [#1273] (fsusan)
2021-03-10 Ubuntu debian server ticky: ERROR: Failed to connect to DB [#1136] (fsusan)
2021-03-10 Ubuntu debian server ticky: ERROR: Service timeout [#1149] (fsusan)
2021-03-10 Ubuntu debian server ticky: ERROR: Bad input [#1464] (fsusan)
2021-03-10 Ubuntu debian server ticky: INFO: Created ticket [#3359] (greg)
2021-03-10 Ubuntu debian server ticky: INFO: Failed to connect to DB [#3037] (greg)
2021-03-10 Ubuntu debian server ticky: INFO: Service timeout [#2030] (greg)
2021-03-10 Ubuntu debian server ticky: INFO: Bad input [#2312] (greg)
2021-03-10 Ubuntu debian server ticky: ERROR: Created ticket [#1784] (greg)
2021-03-10 Ubuntu debian server ticky: ERROR: Failed to connect to DB [#2116] (greg)
2021-03-10 Ubuntu debian server ticky: ERROR: Service timeout [#2135] (greg)
2021-03-10 Ubuntu debian server ticky: ERROR: Bad input [#1718] (greg)
2021-03-10 Ubuntu debian server ticky: INFO: Created ticket [#2668] (hayden)
2021-03-10 Ubuntu debian server ticky: INFO: Failed to connect to DB [#2968] (hayden)
2021-03-10 Ubuntu debian server ticky: INFO: Service timeout [#1727] (hayden)
2021-03-10 Ubuntu debian server ticky: INFO: Bad input [#2732] (hayden)
2021-03-10 Ubuntu debian server ticky: ERROR: Created ticket [#1848] (hayden)
2021-03-10 Ubuntu debian server ticky: ERROR: Failed to connect to DB [#3825] (hayden)
2021-03-10 Ubuntu debian server ticky: ERROR: Service timeout [#2151] (hayden)
2021-03-10 Ubuntu debian server ticky: ERROR: Bad input [#3221] (hayden)
2021-03-10 Ubuntu debian server ticky: INFO: Created ticket [#1319] (fentuo)
2021-03-10 Ubuntu debian server ticky: INFO: Failed to connect to DB [#3197] (fentuo)
2021-03-10 Ubuntu debian server ticky: INFO: Service timeout [#1576] (fentuo)
2021-03-10 Ubuntu debian server ticky: INFO: Bad input [#2689] (fentuo)
2021-03-10 Ubuntu debian server ticky: ERROR: Created ticket [#3761] (fentuo)
2021-03-10 Ubuntu debian server ticky: ERROR: Failed to connect to DB [#3029] (fentuo)
2021-03-10 Ubuntu debian server ticky: ERROR: Service timeout [#3920] (fentuo)
2021-03-10 Ubuntu debian server ticky: ERROR: Bad input [#1885] (fentuo)
2021-03-10 Ubuntu debian server ticky: INFO: Created ticket [#3768] (sysadmin)
2021-03-10 Ubuntu debian server ticky: INFO: Failed to connect to DB [#2373] (sysadmin)
2021-03-10 Ubuntu debian server ticky: INFO: Service timeout [#2844] (sysadmin)
2021-03-10 Ubuntu debian server ticky: INFO: Bad input [#3598] (sysadmin)
2021-03-10 Ubuntu debian server ticky: ERROR: Created ticket [#3714] (sysadmin)
2021-03-10 Ubuntu debian server ticky: ERROR: Failed to connect to DB [#3366] (sysadmin)
2021-03-10 Ubuntu debian server ticky: ERROR: Service timeout [#2284] (sysadmin)
2021-03-10 Ubuntu debian server ticky: ERROR: Bad input [#1555] (sysadmin)
2021-03-10 Ubuntu debian server ticky: INFO: Created ticket [#1837] (fblay)
2021-03-10 Ubuntu debian server ticky: INFO: Failed to connect to DB [#3763] (fblay)
2021-03-10 Ubuntu debian server ticky: INFO: Service timeout [#2077] (fblay)
2021-03-10 Ubuntu debian server ticky: INFO: Bad input [#1577] (fblay)
2021-03-10 Ubuntu debian server ticky: ERROR: Created ticket [#1008] (fblay)
2021-03-10 Ubuntu debian server ticky: ERROR: Failed to connect to DB [#2368] (fblay)
2021-03-10 Ubuntu debian server ticky: ERROR: Service timeout [#2625] (fblay)
2021-03-10 Ubuntu debian server ticky: ERROR: Bad input [#1776] (fblay)
